<?xml version="1.0" encoding="UTF-8"?>
<testsuite xmlns:xsi="http://www.w3.org/2001/XMLSchema-instance" xsi:noNamespaceSchemaLocation="https://maven.apache.org/surefire/maven-surefire-plugin/xsd/surefire-test-report-3.0.xsd" version="3.0" name="main.Controller.UserControllerTest" time="0.797" tests="3" errors="0" skipped="0" failures="0">
  <properties>
[...]
</properties>
  <testcase name="login_shouldReturn200WhenCredentialsAreCorrect" classname="main.Controller.UserControllerTest" time="0.784"/>
  <testcase name="login_shouldReturn401WhenCredentialsAreIncorrect" classname="main.Controller.UserControllerTest" time="0.005"/>
  <testcase name="login_shouldReturn200WhenCredentialsAreCorrect2" classname="main.Controller.UserControllerTest" time="0.004"/>
</testsuite>